0 info it worked if it ends with ok
1 verbose cli [ 'node', '/usr/local/bin/npm', 'install', '-g', 'gitk' ]
2 info using npm@1.4.16
3 info using node@v0.10.28
4 verbose cache add [ 'gitk', null ]
5 verbose cache add name=undefined spec="gitk" args=["gitk",null]
6 verbose parsed url { protocol: null,
6 verbose parsed url   slashes: null,
6 verbose parsed url   auth: null,
6 verbose parsed url   host: null,
6 verbose parsed url   port: null,
6 verbose parsed url   hostname: null,
6 verbose parsed url   hash: null,
6 verbose parsed url   search: null,
6 verbose parsed url   query: null,
6 verbose parsed url   pathname: 'gitk',
6 verbose parsed url   path: 'gitk',
6 verbose parsed url   href: 'gitk' }
7 silly lockFile 207870e1-gitk gitk
8 verbose lock gitk /Users/steve/.npm/207870e1-gitk.lock
9 silly lockFile 207870e1-gitk gitk
10 silly lockFile 207870e1-gitk gitk
11 verbose addNamed [ 'gitk', '' ]
12 verbose addNamed [ null, '*' ]
13 silly lockFile e5b1b8fe-gitk gitk@
14 verbose lock gitk@ /Users/steve/.npm/e5b1b8fe-gitk.lock
15 silly addNameRange { name: 'gitk', range: '*', hasData: false }
16 verbose request where is /gitk
17 verbose request registry https://registry.npmjs.org/
18 verbose request id 47e5520f7f4f0a30
19 verbose url raw /gitk
20 verbose url resolving [ 'https://registry.npmjs.org/', './gitk' ]
21 verbose url resolved https://registry.npmjs.org/gitk
22 verbose request where is https://registry.npmjs.org/gitk
23 info trying registry request attempt 1 at 14:03:16
24 http GET https://registry.npmjs.org/gitk
25 http 404 https://registry.npmjs.org/gitk
26 verbose headers { date: 'Mon, 24 Nov 2014 19:03:17 GMT',
26 verbose headers   server: 'CouchDB/1.5.0 (Erlang OTP/R16B03)',
26 verbose headers   'content-type': 'application/json',
26 verbose headers   'cache-control': 'max-age=0',
26 verbose headers   'content-length': '52',
26 verbose headers   'accept-ranges': 'bytes',
26 verbose headers   via: '1.1 varnish',
26 verbose headers   age: '0',
26 verbose headers   'x-served-by': 'cache-iad2126-IAD',
26 verbose headers   'x-cache': 'MISS',
26 verbose headers   'x-cache-hits': '0',
26 verbose headers   'x-timer': 'S1416855797.194634,VS0,VE56',
26 verbose headers   'keep-alive': 'timeout=10, max=50',
26 verbose headers   connection: 'Keep-Alive' }
27 silly registry.get cb [ 404,
27 silly registry.get   { date: 'Mon, 24 Nov 2014 19:03:17 GMT',
27 silly registry.get     server: 'CouchDB/1.5.0 (Erlang OTP/R16B03)',
27 silly registry.get     'content-type': 'application/json',
27 silly registry.get     'cache-control': 'max-age=0',
27 silly registry.get     'content-length': '52',
27 silly registry.get     'accept-ranges': 'bytes',
27 silly registry.get     via: '1.1 varnish',
27 silly registry.get     age: '0',
27 silly registry.get     'x-served-by': 'cache-iad2126-IAD',
27 silly registry.get     'x-cache': 'MISS',
27 silly registry.get     'x-cache-hits': '0',
27 silly registry.get     'x-timer': 'S1416855797.194634,VS0,VE56',
27 silly registry.get     'keep-alive': 'timeout=10, max=50',
27 silly registry.get     connection: 'Keep-Alive' } ]
28 silly lockFile e5b1b8fe-gitk gitk@
29 silly lockFile e5b1b8fe-gitk gitk@
30 error 404 404 Not Found: gitk
30 error 404
30 error 404 'gitk' is not in the npm registry.
30 error 404 You should bug the author to publish it
30 error 404
30 error 404 Note that you can also install from a
30 error 404 tarball, folder, or http url, or git url.
31 error System Darwin 13.4.0
32 error command "node" "/usr/local/bin/npm" "install" "-g" "gitk"
33 error cwd /Users/steve/Fullstack/snaproom
34 error node -v v0.10.28
35 error npm -v 1.4.16
36 error code E404
37 verbose exit [ 1, true ]
